INFO 2025/03/07 17:22:35 Successfully connected to Elasticsearch version 7.17.28
INFO 2025/03/07 17:22:35 Started monstache version 6.7.21
INFO 2025/03/07 17:22:35 Go version go1.22.10
INFO 2025/03/07 17:22:35 MongoDB go driver 1.17.2
INFO 2025/03/07 17:22:35 Elasticsearch go driver 7.0.31
INFO 2025/03/07 17:22:35 Successfully connected to MongoDB version 8.0.4
INFO 2025/03/07 17:22:35 Listening for events
INFO 2025/03/07 17:22:35 Watching changes on collection bdc.products
INFO 2025/03/07 17:29:52 Starting clean shutdown
INFO 2025/03/07 17:29:52 Stopping all workers
INFO 2025/03/07 17:29:52 Shutting down
INFO 2025/03/07 17:29:52 Direct reads completed
INFO 2025/03/07 17:30:33 Successfully connected to Elasticsearch version 7.17.28
INFO 2025/03/07 17:30:33 Started monstache version 6.7.21
INFO 2025/03/07 17:30:33 Go version go1.22.10
INFO 2025/03/07 17:30:33 MongoDB go driver 1.17.2
INFO 2025/03/07 17:30:33 Elasticsearch go driver 7.0.31
INFO 2025/03/07 17:30:33 Successfully connected to MongoDB version 8.0.4
INFO 2025/03/07 17:30:33 Listening for events
INFO 2025/03/07 17:30:33 Watching changes on collection bdc.products
INFO 2025/03/08 03:51:41 Successfully connected to Elasticsearch version 7.17.28
INFO 2025/03/08 03:51:41 Started monstache version 6.7.21
INFO 2025/03/08 03:51:41 Go version go1.22.10
INFO 2025/03/08 03:51:41 MongoDB go driver 1.17.2
INFO 2025/03/08 03:51:41 Elasticsearch go driver 7.0.31
INFO 2025/03/08 03:51:41 Successfully connected to MongoDB version 8.0.4
INFO 2025/03/08 03:51:41 Listening for events
INFO 2025/03/08 03:51:41 Watching changes on collection bdc.products
INFO 2025/03/08 03:55:30 Starting clean shutdown
INFO 2025/03/08 03:55:30 Stopping all workers
INFO 2025/03/08 03:55:30 Shutting down
INFO 2025/03/08 03:55:30 Direct reads completed
INFO 2025/03/08 03:56:42 Successfully connected to Elasticsearch version 7.17.28
INFO 2025/03/08 03:56:42 Started monstache version 6.7.21
INFO 2025/03/08 03:56:42 Go version go1.22.10
INFO 2025/03/08 03:56:42 MongoDB go driver 1.17.2
INFO 2025/03/08 03:56:42 Elasticsearch go driver 7.0.31
INFO 2025/03/08 03:56:42 Successfully connected to MongoDB version 8.0.4
INFO 2025/03/08 03:56:42 Listening for events
INFO 2025/03/08 03:56:42 Watching changes on collection bdc.products
INFO 2025/03/08 05:07:22 Starting clean shutdown
INFO 2025/03/08 05:07:22 Stopping all workers
INFO 2025/03/08 05:07:22 Shutting down
INFO 2025/03/08 05:07:22 Direct reads completed
INFO 2025/03/08 06:54:15 Successfully connected to Elasticsearch version 7.17.28
INFO 2025/03/08 06:54:15 Started monstache version 6.7.21
INFO 2025/03/08 06:54:15 Go version go1.22.10
INFO 2025/03/08 06:54:15 MongoDB go driver 1.17.2
INFO 2025/03/08 06:54:15 Elasticsearch go driver 7.0.31
INFO 2025/03/08 06:54:15 Successfully connected to MongoDB version 8.0.4
INFO 2025/03/08 06:54:15 Listening for events
INFO 2025/03/08 06:54:15 Watching changes on collection bdc.products
INFO 2025/03/08 08:42:28 Starting clean shutdown
INFO 2025/03/08 08:42:28 Stopping all workers
INFO 2025/03/08 08:42:28 Shutting down
INFO 2025/03/08 08:42:28 Direct reads completed
INFO 2025/03/08 08:44:25 Successfully connected to Elasticsearch version 7.17.28
INFO 2025/03/08 08:44:25 Started monstache version 6.7.21
INFO 2025/03/08 08:44:25 Go version go1.22.10
INFO 2025/03/08 08:44:25 MongoDB go driver 1.17.2
INFO 2025/03/08 08:44:25 Elasticsearch go driver 7.0.31
INFO 2025/03/08 08:44:25 Successfully connected to MongoDB version 8.0.4
INFO 2025/03/08 08:44:25 Listening for events
INFO 2025/03/08 08:44:25 Sending systemd READY=1
INFO 2025/03/08 08:44:25 Watching changes on collection bdc.products
INFO 2025/03/08 12:54:50 Successfully connected to Elasticsearch version 7.17.28
INFO 2025/03/08 12:54:50 Started monstache version 6.7.21
INFO 2025/03/08 12:54:50 Go version go1.22.10
INFO 2025/03/08 12:54:50 MongoDB go driver 1.17.2
INFO 2025/03/08 12:54:50 Elasticsearch go driver 7.0.31
INFO 2025/03/08 12:54:50 Successfully connected to MongoDB version 8.0.4
INFO 2025/03/08 12:54:50 Listening for events
INFO 2025/03/08 12:54:50 Sending systemd READY=1
INFO 2025/03/08 12:54:50 Watching changes on collection bdc.products
INFO 2025/03/09 03:24:08 Successfully connected to Elasticsearch version 7.17.28
INFO 2025/03/09 03:24:08 Started monstache version 6.7.21
INFO 2025/03/09 03:24:08 Go version go1.22.10
INFO 2025/03/09 03:24:08 MongoDB go driver 1.17.2
INFO 2025/03/09 03:24:08 Elasticsearch go driver 7.0.31
INFO 2025/03/09 03:24:08 Successfully connected to MongoDB version 8.0.4
INFO 2025/03/09 03:24:08 Listening for events
INFO 2025/03/09 03:24:08 Sending systemd READY=1
INFO 2025/03/09 03:24:08 Watching changes on collection bdc.products
INFO 2025/03/09 07:10:43 Successfully connected to Elasticsearch version 7.17.28
INFO 2025/03/09 07:10:43 Started monstache version 6.7.21
INFO 2025/03/09 07:10:43 Go version go1.22.10
INFO 2025/03/09 07:10:43 MongoDB go driver 1.17.2
INFO 2025/03/09 07:10:43 Elasticsearch go driver 7.0.31
INFO 2025/03/09 07:10:43 Successfully connected to MongoDB version 8.0.4
INFO 2025/03/09 07:10:43 Listening for events
INFO 2025/03/09 07:10:43 Sending systemd READY=1
INFO 2025/03/09 07:10:43 Watching changes on collection bdc.products
INFO 2025/03/09 08:45:40 Starting clean shutdown
INFO 2025/03/09 08:45:40 Stopping all workers
INFO 2025/03/09 08:45:40 Shutting down
INFO 2025/03/09 08:45:40 Direct reads completed
INFO 2025/03/09 14:14:43 Successfully connected to Elasticsearch version 7.17.28
INFO 2025/03/09 14:14:43 Started monstache version 6.7.21
INFO 2025/03/09 14:14:43 Go version go1.22.10
INFO 2025/03/09 14:14:43 MongoDB go driver 1.17.2
INFO 2025/03/09 14:14:43 Elasticsearch go driver 7.0.31
INFO 2025/03/09 14:14:43 Successfully connected to MongoDB version 8.0.4
INFO 2025/03/09 14:14:43 Listening for events
INFO 2025/03/09 14:14:43 Sending systemd READY=1
INFO 2025/03/09 14:14:43 Watching changes on collection bdc.products
INFO 2025/03/10 02:55:42 Successfully connected to Elasticsearch version 7.17.28
INFO 2025/03/10 02:55:42 Started monstache version 6.7.21
INFO 2025/03/10 02:55:42 Go version go1.22.10
INFO 2025/03/10 02:55:42 MongoDB go driver 1.17.2
INFO 2025/03/10 02:55:42 Elasticsearch go driver 7.0.31
INFO 2025/03/10 02:55:42 Successfully connected to MongoDB version 8.0.4
INFO 2025/03/10 02:55:42 Listening for events
INFO 2025/03/10 02:55:42 Sending systemd READY=1
INFO 2025/03/10 02:55:42 Watching changes on collection bdc.products
INFO 2025/03/10 02:56:05 Starting clean shutdown
INFO 2025/03/10 02:56:05 Stopping all workers
INFO 2025/03/10 02:56:05 Shutting down
INFO 2025/03/10 02:56:05 Direct reads completed
INFO 2025/03/10 02:56:10 Successfully connected to Elasticsearch version 7.17.28
INFO 2025/03/10 02:56:10 Started monstache version 6.7.21
INFO 2025/03/10 02:56:10 Go version go1.22.10
INFO 2025/03/10 02:56:10 MongoDB go driver 1.17.2
INFO 2025/03/10 02:56:10 Elasticsearch go driver 7.0.31
INFO 2025/03/10 02:56:10 Successfully connected to MongoDB version 8.0.4
INFO 2025/03/10 02:56:10 Listening for events
INFO 2025/03/10 02:56:10 Watching changes on collection bdc.products
INFO 2025/03/10 02:56:10 Sending systemd READY=1
INFO 2025/03/10 06:07:50 Successfully connected to Elasticsearch version 7.17.28
INFO 2025/03/10 06:07:50 Started monstache version 6.7.21
INFO 2025/03/10 06:07:50 Go version go1.22.10
INFO 2025/03/10 06:07:50 MongoDB go driver 1.17.2
INFO 2025/03/10 06:07:50 Elasticsearch go driver 7.0.31
INFO 2025/03/10 06:07:50 Successfully connected to MongoDB version 8.0.4
INFO 2025/03/10 06:07:50 Listening for events
INFO 2025/03/10 06:07:50 Sending systemd READY=1
INFO 2025/03/10 06:07:50 Watching changes on collection bdc.products
INFO 2025/03/10 07:57:54 Successfully connected to Elasticsearch version 7.17.28
INFO 2025/03/10 07:57:54 Started monstache version 6.7.21
INFO 2025/03/10 07:57:54 Go version go1.22.10
INFO 2025/03/10 07:57:54 MongoDB go driver 1.17.2
INFO 2025/03/10 07:57:54 Elasticsearch go driver 7.0.31
INFO 2025/03/10 07:57:54 Successfully connected to MongoDB version 8.0.4
INFO 2025/03/10 07:57:54 Listening for events
INFO 2025/03/10 07:57:54 Sending systemd READY=1
INFO 2025/03/10 07:57:54 Watching changes on collection bdc.products
INFO 2025/03/11 15:57:04 Successfully connected to Elasticsearch version 7.17.28
INFO 2025/03/11 15:57:04 Started monstache version 6.7.21
INFO 2025/03/11 15:57:04 Go version go1.22.10
INFO 2025/03/11 15:57:04 MongoDB go driver 1.17.2
INFO 2025/03/11 15:57:04 Elasticsearch go driver 7.0.31
INFO 2025/03/11 15:57:04 Successfully connected to MongoDB version 8.0.4
INFO 2025/03/11 15:57:04 Listening for events
INFO 2025/03/11 15:57:04 Sending systemd READY=1
INFO 2025/03/11 15:57:04 Watching changes on collection bdc.products
INFO 2025/03/11 19:42:47 Successfully connected to Elasticsearch version 7.17.28
INFO 2025/03/11 19:42:47 Started monstache version 6.7.21
INFO 2025/03/11 19:42:47 Go version go1.22.10
INFO 2025/03/11 19:42:47 MongoDB go driver 1.17.2
INFO 2025/03/11 19:42:47 Elasticsearch go driver 7.0.31
INFO 2025/03/11 19:42:47 Successfully connected to MongoDB version 8.0.4
INFO 2025/03/11 19:42:47 Sending systemd READY=1
INFO 2025/03/11 19:42:47 Listening for events
INFO 2025/03/11 19:42:47 Watching changes on collection bdc.products
INFO 2025/03/12 13:22:50 Successfully connected to Elasticsearch version 7.17.28
INFO 2025/03/12 13:22:50 Started monstache version 6.7.21
INFO 2025/03/12 13:22:50 Go version go1.22.10
INFO 2025/03/12 13:22:50 MongoDB go driver 1.17.2
INFO 2025/03/12 13:22:50 Elasticsearch go driver 7.0.31
INFO 2025/03/12 13:22:50 Successfully connected to MongoDB version 8.0.4
INFO 2025/03/12 13:22:50 Listening for events
INFO 2025/03/12 13:22:50 Sending systemd READY=1
INFO 2025/03/12 13:22:50 Watching changes on collection bdc.products
INFO 2025/03/13 02:57:28 Successfully connected to Elasticsearch version 7.17.28
INFO 2025/03/13 02:57:28 Started monstache version 6.7.21
INFO 2025/03/13 02:57:28 Go version go1.22.10
INFO 2025/03/13 02:57:28 MongoDB go driver 1.17.2
INFO 2025/03/13 02:57:28 Elasticsearch go driver 7.0.31
INFO 2025/03/13 02:57:28 Successfully connected to MongoDB version 8.0.4
INFO 2025/03/13 02:57:28 Listening for events
INFO 2025/03/13 02:57:28 Sending systemd READY=1
INFO 2025/03/13 02:57:28 Watching changes on collection bdc.products
INFO 2025/03/13 03:30:57 Starting clean shutdown
INFO 2025/03/13 03:30:57 Stopping all workers
INFO 2025/03/13 03:30:57 Shutting down
INFO 2025/03/13 03:30:57 Direct reads completed
INFO 2025/03/13 08:38:14 Successfully connected to Elasticsearch version 7.17.28
INFO 2025/03/13 08:38:14 Started monstache version 6.7.21
INFO 2025/03/13 08:38:14 Go version go1.22.10
INFO 2025/03/13 08:38:14 MongoDB go driver 1.17.2
INFO 2025/03/13 08:38:14 Elasticsearch go driver 7.0.31
INFO 2025/03/13 08:38:14 Successfully connected to MongoDB version 8.0.4
INFO 2025/03/13 08:38:14 Listening for events
INFO 2025/03/13 08:38:14 Sending systemd READY=1
INFO 2025/03/13 08:38:14 Watching changes on collection bdc.products
INFO 2025/03/13 08:38:19 Backing off for 1.8 minutes after bulk indexing failures.
INFO 2025/03/13 11:15:03 Starting clean shutdown
INFO 2025/03/13 11:15:03 Stopping all workers
INFO 2025/03/13 11:15:03 Shutting down
INFO 2025/03/13 11:15:03 Direct reads completed
INFO 2025/03/13 11:17:11 Successfully connected to Elasticsearch version 7.17.28
INFO 2025/03/13 11:17:11 Started monstache version 6.7.21
INFO 2025/03/13 11:17:11 Go version go1.22.10
INFO 2025/03/13 11:17:11 MongoDB go driver 1.17.2
INFO 2025/03/13 11:17:11 Elasticsearch go driver 7.0.31
INFO 2025/03/13 11:17:11 Successfully connected to MongoDB version 8.0.4
INFO 2025/03/13 11:17:11 Listening for events
INFO 2025/03/13 11:17:11 Watching changes on collection bdc.shop_orders
INFO 2025/03/13 11:17:11 Watching changes on collection bdc.products
INFO 2025/03/13 11:17:11 Sending systemd READY=1
INFO 2025/03/13 11:18:08 Starting clean shutdown
INFO 2025/03/13 11:18:08 Stopping all workers
INFO 2025/03/13 11:18:08 Shutting down
INFO 2025/03/13 11:18:08 Direct reads completed
INFO 2025/03/13 11:18:09 Successfully connected to Elasticsearch version 7.17.28
INFO 2025/03/13 11:18:09 Started monstache version 6.7.21
INFO 2025/03/13 11:18:09 Go version go1.22.10
INFO 2025/03/13 11:18:09 MongoDB go driver 1.17.2
INFO 2025/03/13 11:18:09 Elasticsearch go driver 7.0.31
INFO 2025/03/13 11:18:09 Successfully connected to MongoDB version 8.0.4
INFO 2025/03/13 11:18:09 Listening for events
INFO 2025/03/13 11:18:09 Sending systemd READY=1
INFO 2025/03/13 11:18:09 Watching changes on collection bdc.shop_orders
INFO 2025/03/13 11:18:09 Watching changes on collection bdc.products
INFO 2025/03/13 13:28:21 Successfully connected to Elasticsearch version 7.17.28
INFO 2025/03/13 13:28:21 Started monstache version 6.7.21
INFO 2025/03/13 13:28:21 Go version go1.22.10
INFO 2025/03/13 13:28:21 MongoDB go driver 1.17.2
INFO 2025/03/13 13:28:21 Elasticsearch go driver 7.0.31
INFO 2025/03/13 13:28:21 Successfully connected to MongoDB version 8.0.4
INFO 2025/03/13 13:28:21 Listening for events
INFO 2025/03/13 13:28:21 Sending systemd READY=1
INFO 2025/03/13 13:28:21 Watching changes on collection bdc.shop_orders
INFO 2025/03/13 13:28:21 Watching changes on collection bdc.products
INFO 2025/03/13 15:42:44 Starting clean shutdown
INFO 2025/03/13 15:42:44 Stopping all workers
INFO 2025/03/13 15:42:44 Shutting down
INFO 2025/03/13 15:42:44 Direct reads completed
INFO 2025/03/13 15:49:03 Successfully connected to Elasticsearch version 7.17.28
INFO 2025/03/13 15:49:03 Started monstache version 6.7.21
INFO 2025/03/13 15:49:03 Go version go1.22.10
INFO 2025/03/13 15:49:03 MongoDB go driver 1.17.2
INFO 2025/03/13 15:49:03 Elasticsearch go driver 7.0.31
INFO 2025/03/13 15:49:03 Successfully connected to MongoDB version 8.0.4
INFO 2025/03/13 15:49:03 Listening for events
INFO 2025/03/13 15:49:03 Watching changes on collection bdc.products
INFO 2025/03/13 15:49:03 Watching changes on collection bdc.shop_orders
INFO 2025/03/13 15:49:03 Sending systemd READY=1
INFO 2025/03/13 15:51:05 Starting clean shutdown
INFO 2025/03/13 15:51:05 Stopping all workers
INFO 2025/03/13 15:51:05 Shutting down
INFO 2025/03/13 15:51:05 Direct reads completed
INFO 2025/03/13 15:56:56 Successfully connected to Elasticsearch version 7.17.28
INFO 2025/03/13 15:56:56 Started monstache version 6.7.21
INFO 2025/03/13 15:56:56 Go version go1.22.10
INFO 2025/03/13 15:56:56 MongoDB go driver 1.17.2
INFO 2025/03/13 15:56:56 Elasticsearch go driver 7.0.31
INFO 2025/03/13 15:56:56 Successfully connected to MongoDB version 8.0.4
INFO 2025/03/13 15:56:56 Listening for events
INFO 2025/03/13 15:56:56 Sending systemd READY=1
INFO 2025/03/13 15:56:56 Watching changes on collection bdc.products
INFO 2025/03/13 15:56:56 Watching changes on collection bdc.shop_orders
INFO 2025/03/14 03:43:14 Successfully connected to Elasticsearch version 7.17.28
INFO 2025/03/14 03:43:14 Started monstache version 6.7.21
INFO 2025/03/14 03:43:14 Go version go1.22.10
INFO 2025/03/14 03:43:14 MongoDB go driver 1.17.2
INFO 2025/03/14 03:43:14 Elasticsearch go driver 7.0.31
INFO 2025/03/14 03:43:14 Successfully connected to MongoDB version 8.0.4
INFO 2025/03/14 03:43:14 Listening for events
INFO 2025/03/14 03:43:14 Sending systemd READY=1
INFO 2025/03/14 03:43:14 Watching changes on collection bdc.products
INFO 2025/03/14 03:43:14 Watching changes on collection bdc.shop_orders
INFO 2025/03/14 04:56:50 Starting clean shutdown
INFO 2025/03/14 04:56:50 Stopping all workers
INFO 2025/03/14 04:56:50 Shutting down
INFO 2025/03/14 04:56:50 Direct reads completed
INFO 2025/03/14 04:58:44 Successfully connected to Elasticsearch version 7.17.28
INFO 2025/03/14 04:58:44 Started monstache version 6.7.21
INFO 2025/03/14 04:58:44 Go version go1.22.10
INFO 2025/03/14 04:58:44 MongoDB go driver 1.17.2
INFO 2025/03/14 04:58:44 Elasticsearch go driver 7.0.31
INFO 2025/03/14 04:58:44 Successfully connected to MongoDB version 8.0.4
INFO 2025/03/14 04:58:44 Sending systemd READY=1
INFO 2025/03/14 04:58:44 Listening for events
INFO 2025/03/14 04:58:44 Watching changes on collection bdc.shop_orders
INFO 2025/03/14 04:58:44 Watching changes on collection bdc.products
INFO 2025/03/14 08:42:55 Successfully connected to Elasticsearch version 7.17.28
INFO 2025/03/14 08:42:55 Started monstache version 6.7.21
INFO 2025/03/14 08:42:55 Go version go1.22.10
INFO 2025/03/14 08:42:55 MongoDB go driver 1.17.2
INFO 2025/03/14 08:42:55 Elasticsearch go driver 7.0.31
INFO 2025/03/14 08:42:55 Successfully connected to MongoDB version 8.0.4
INFO 2025/03/14 08:42:55 Listening for events
INFO 2025/03/14 08:42:55 Sending systemd READY=1
INFO 2025/03/14 08:42:55 Watching changes on collection bdc.shop_orders
INFO 2025/03/14 08:42:55 Watching changes on collection bdc.products
INFO 2025/03/16 14:32:38 Successfully connected to Elasticsearch version 7.17.28
INFO 2025/03/16 14:32:38 Started monstache version 6.7.21
INFO 2025/03/16 14:32:38 Go version go1.22.10
INFO 2025/03/16 14:32:38 MongoDB go driver 1.17.2
INFO 2025/03/16 14:32:38 Elasticsearch go driver 7.0.31
INFO 2025/03/16 14:32:38 Successfully connected to MongoDB version 8.0.4
INFO 2025/03/16 14:32:38 Listening for events
INFO 2025/03/16 14:32:38 Sending systemd READY=1
INFO 2025/03/16 14:32:38 Watching changes on collection bdc.products
INFO 2025/03/16 14:32:38 Watching changes on collection bdc.shop_orders
INFO 2025/03/17 02:09:09 Successfully connected to Elasticsearch version 7.17.28
INFO 2025/03/17 02:09:09 Started monstache version 6.7.21
INFO 2025/03/17 02:09:09 Go version go1.22.10
INFO 2025/03/17 02:09:09 MongoDB go driver 1.17.2
INFO 2025/03/17 02:09:09 Elasticsearch go driver 7.0.31
INFO 2025/03/17 02:09:09 Successfully connected to MongoDB version 8.0.4
INFO 2025/03/17 02:09:09 Listening for events
INFO 2025/03/17 02:09:09 Sending systemd READY=1
INFO 2025/03/17 02:09:09 Watching changes on collection bdc.shop_orders
INFO 2025/03/17 02:09:09 Watching changes on collection bdc.products
INFO 2025/03/17 05:51:40 Successfully connected to Elasticsearch version 7.17.28
INFO 2025/03/17 05:51:40 Started monstache version 6.7.21
INFO 2025/03/17 05:51:40 Go version go1.22.10
INFO 2025/03/17 05:51:40 MongoDB go driver 1.17.2
INFO 2025/03/17 05:51:40 Elasticsearch go driver 7.0.31
INFO 2025/03/17 05:51:40 Successfully connected to MongoDB version 8.0.4
INFO 2025/03/17 05:51:40 Listening for events
INFO 2025/03/17 05:51:40 Sending systemd READY=1
INFO 2025/03/17 05:51:40 Watching changes on collection bdc.shop_orders
INFO 2025/03/17 05:51:40 Watching changes on collection bdc.products
INFO 2025/03/17 07:33:48 Successfully connected to Elasticsearch version 7.17.28
INFO 2025/03/17 07:33:48 Started monstache version 6.7.21
INFO 2025/03/17 07:33:48 Go version go1.22.10
INFO 2025/03/17 07:33:48 MongoDB go driver 1.17.2
INFO 2025/03/17 07:33:48 Elasticsearch go driver 7.0.31
INFO 2025/03/17 07:33:48 Successfully connected to MongoDB version 8.0.4
INFO 2025/03/17 07:33:48 Sending systemd READY=1
INFO 2025/03/17 07:33:48 Listening for events
INFO 2025/03/17 07:33:48 Watching changes on collection bdc.shop_orders
INFO 2025/03/17 07:33:48 Watching changes on collection bdc.products
INFO 2025/03/17 13:45:31 Successfully connected to Elasticsearch version 7.17.28
INFO 2025/03/17 13:45:31 Started monstache version 6.7.21
INFO 2025/03/17 13:45:31 Go version go1.22.10
INFO 2025/03/17 13:45:31 MongoDB go driver 1.17.2
INFO 2025/03/17 13:45:31 Elasticsearch go driver 7.0.31
INFO 2025/03/17 13:45:31 Successfully connected to MongoDB version 8.0.4
INFO 2025/03/17 13:45:31 Sending systemd READY=1
INFO 2025/03/17 13:45:31 Listening for events
INFO 2025/03/17 13:45:31 Watching changes on collection bdc.products
INFO 2025/03/17 13:45:31 Watching changes on collection bdc.shop_orders
INFO 2025/03/18 02:42:08 Successfully connected to Elasticsearch version 7.17.28
INFO 2025/03/18 02:42:08 Started monstache version 6.7.21
INFO 2025/03/18 02:42:08 Go version go1.22.10
INFO 2025/03/18 02:42:08 MongoDB go driver 1.17.2
INFO 2025/03/18 02:42:08 Elasticsearch go driver 7.0.31
INFO 2025/03/18 02:42:08 Successfully connected to MongoDB version 8.0.4
INFO 2025/03/18 02:42:08 Listening for events
INFO 2025/03/18 02:42:08 Sending systemd READY=1
INFO 2025/03/18 02:42:08 Watching changes on collection bdc.shop_orders
INFO 2025/03/18 02:42:08 Watching changes on collection bdc.products
INFO 2025/03/18 07:53:39 Successfully connected to Elasticsearch version 7.17.28
INFO 2025/03/18 07:53:39 Started monstache version 6.7.21
INFO 2025/03/18 07:53:39 Go version go1.22.10
INFO 2025/03/18 07:53:39 MongoDB go driver 1.17.2
INFO 2025/03/18 07:53:39 Elasticsearch go driver 7.0.31
INFO 2025/03/18 07:53:39 Successfully connected to MongoDB version 8.0.4
INFO 2025/03/18 07:53:39 Listening for events
INFO 2025/03/18 07:53:39 Watching changes on collection bdc.products
INFO 2025/03/18 07:53:39 Sending systemd READY=1
INFO 2025/03/18 07:53:39 Watching changes on collection bdc.shop_orders
INFO 2025/03/19 04:53:56 Successfully connected to Elasticsearch version 7.17.28
INFO 2025/03/19 04:53:56 Started monstache version 6.7.21
INFO 2025/03/19 04:53:56 Go version go1.22.10
INFO 2025/03/19 04:53:56 MongoDB go driver 1.17.2
INFO 2025/03/19 04:53:56 Elasticsearch go driver 7.0.31
INFO 2025/03/19 04:53:56 Successfully connected to MongoDB version 8.0.4
INFO 2025/03/19 04:53:56 Sending systemd READY=1
INFO 2025/03/19 04:53:56 Listening for events
INFO 2025/03/19 04:53:56 Watching changes on collection bdc.products
INFO 2025/03/19 04:53:56 Watching changes on collection bdc.shop_orders
INFO 2025/03/19 07:14:06 Successfully connected to Elasticsearch version 7.17.28
INFO 2025/03/19 07:14:06 Started monstache version 6.7.21
INFO 2025/03/19 07:14:06 Go version go1.22.10
INFO 2025/03/19 07:14:06 MongoDB go driver 1.17.2
INFO 2025/03/19 07:14:06 Elasticsearch go driver 7.0.31
INFO 2025/03/19 07:14:06 Successfully connected to MongoDB version 8.0.4
INFO 2025/03/19 07:14:06 Listening for events
INFO 2025/03/19 07:14:06 Sending systemd READY=1
INFO 2025/03/19 07:14:06 Watching changes on collection bdc.shop_orders
INFO 2025/03/19 07:14:06 Watching changes on collection bdc.products
INFO 2025/03/19 14:19:36 Successfully connected to Elasticsearch version 7.17.28
INFO 2025/03/19 14:19:36 Started monstache version 6.7.21
INFO 2025/03/19 14:19:36 Go version go1.22.10
INFO 2025/03/19 14:19:36 MongoDB go driver 1.17.2
INFO 2025/03/19 14:19:36 Elasticsearch go driver 7.0.31
INFO 2025/03/19 14:19:36 Successfully connected to MongoDB version 8.0.4
INFO 2025/03/19 14:19:36 Listening for events
INFO 2025/03/19 14:19:36 Sending systemd READY=1
INFO 2025/03/19 14:19:36 Watching changes on collection bdc.shop_orders
INFO 2025/03/19 14:19:36 Watching changes on collection bdc.products
INFO 2025/03/20 02:03:58 Successfully connected to Elasticsearch version 7.17.28
INFO 2025/03/20 02:03:58 Started monstache version 6.7.21
INFO 2025/03/20 02:03:58 Go version go1.22.10
INFO 2025/03/20 02:03:58 MongoDB go driver 1.17.2
INFO 2025/03/20 02:03:58 Elasticsearch go driver 7.0.31
INFO 2025/03/20 02:03:58 Successfully connected to MongoDB version 8.0.4
INFO 2025/03/20 02:03:58 Listening for events
INFO 2025/03/20 02:03:58 Watching changes on collection bdc.products
INFO 2025/03/20 02:03:58 Watching changes on collection bdc.shop_orders
INFO 2025/03/20 02:03:58 Sending systemd READY=1
INFO 2025/03/20 09:46:47 Successfully connected to Elasticsearch version 7.17.28
INFO 2025/03/20 09:46:47 Started monstache version 6.7.21
INFO 2025/03/20 09:46:47 Go version go1.22.10
INFO 2025/03/20 09:46:47 MongoDB go driver 1.17.2
INFO 2025/03/20 09:46:47 Elasticsearch go driver 7.0.31
INFO 2025/03/20 09:46:47 Successfully connected to MongoDB version 8.0.4
INFO 2025/03/20 09:46:47 Listening for events
INFO 2025/03/20 09:46:47 Watching changes on collection bdc.shop_orders
INFO 2025/03/20 09:46:47 Sending systemd READY=1
INFO 2025/03/20 09:46:47 Watching changes on collection bdc.products
INFO 2025/03/20 13:02:09 Successfully connected to Elasticsearch version 7.17.28
INFO 2025/03/20 13:02:09 Started monstache version 6.7.21
INFO 2025/03/20 13:02:09 Go version go1.22.10
INFO 2025/03/20 13:02:09 MongoDB go driver 1.17.2
INFO 2025/03/20 13:02:09 Elasticsearch go driver 7.0.31
INFO 2025/03/20 13:02:09 Successfully connected to MongoDB version 8.0.4
INFO 2025/03/20 13:02:09 Listening for events
INFO 2025/03/20 13:02:09 Sending systemd READY=1
INFO 2025/03/20 13:02:09 Watching changes on collection bdc.products
INFO 2025/03/20 13:02:09 Watching changes on collection bdc.shop_orders
INFO 2025/03/21 01:48:04 Successfully connected to Elasticsearch version 7.17.28
INFO 2025/03/21 01:48:04 Started monstache version 6.7.21
INFO 2025/03/21 01:48:04 Go version go1.22.10
INFO 2025/03/21 01:48:04 MongoDB go driver 1.17.2
INFO 2025/03/21 01:48:04 Elasticsearch go driver 7.0.31
INFO 2025/03/21 01:48:04 Successfully connected to MongoDB version 8.0.4
INFO 2025/03/21 01:48:04 Listening for events
INFO 2025/03/21 01:48:04 Sending systemd READY=1
INFO 2025/03/21 01:48:04 Watching changes on collection bdc.products
INFO 2025/03/21 01:48:04 Watching changes on collection bdc.shop_orders
INFO 2025/03/21 08:10:32 Successfully connected to Elasticsearch version 7.17.28
INFO 2025/03/21 08:10:32 Started monstache version 6.7.21
INFO 2025/03/21 08:10:32 Go version go1.22.10
INFO 2025/03/21 08:10:32 MongoDB go driver 1.17.2
INFO 2025/03/21 08:10:32 Elasticsearch go driver 7.0.31
INFO 2025/03/21 08:10:32 Successfully connected to MongoDB version 8.0.4
INFO 2025/03/21 08:10:32 Sending systemd READY=1
INFO 2025/03/21 08:10:32 Listening for events
INFO 2025/03/21 08:10:32 Watching changes on collection bdc.shop_orders
INFO 2025/03/21 08:10:32 Watching changes on collection bdc.products
INFO 2025/03/21 15:42:01 Successfully connected to Elasticsearch version 7.17.28
INFO 2025/03/21 15:42:01 Started monstache version 6.7.21
INFO 2025/03/21 15:42:01 Go version go1.22.10
INFO 2025/03/21 15:42:01 MongoDB go driver 1.17.2
INFO 2025/03/21 15:42:01 Elasticsearch go driver 7.0.31
INFO 2025/03/21 15:42:01 Successfully connected to MongoDB version 8.0.4
INFO 2025/03/21 15:42:01 Sending systemd READY=1
INFO 2025/03/21 15:42:01 Listening for events
INFO 2025/03/21 15:42:01 Watching changes on collection bdc.shop_orders
INFO 2025/03/21 15:42:01 Watching changes on collection bdc.products
INFO 2025/03/24 03:06:28 Successfully connected to Elasticsearch version 7.17.28
INFO 2025/03/24 03:06:28 Started monstache version 6.7.21
INFO 2025/03/24 03:06:28 Go version go1.22.10
INFO 2025/03/24 03:06:28 MongoDB go driver 1.17.2
INFO 2025/03/24 03:06:28 Elasticsearch go driver 7.0.31
INFO 2025/03/24 03:06:28 Successfully connected to MongoDB version 8.0.4
INFO 2025/03/24 03:06:28 Listening for events
INFO 2025/03/24 03:06:28 Sending systemd READY=1
INFO 2025/03/24 03:06:28 Watching changes on collection bdc.shop_orders
INFO 2025/03/24 03:06:28 Watching changes on collection bdc.products
INFO 2025/03/24 08:03:40 Successfully connected to Elasticsearch version 7.17.28
INFO 2025/03/24 08:03:40 Started monstache version 6.7.21
INFO 2025/03/24 08:03:40 Go version go1.22.10
INFO 2025/03/24 08:03:40 MongoDB go driver 1.17.2
INFO 2025/03/24 08:03:40 Elasticsearch go driver 7.0.31
INFO 2025/03/24 08:03:40 Successfully connected to MongoDB version 8.0.4
INFO 2025/03/24 08:03:40 Listening for events
INFO 2025/03/24 08:03:40 Sending systemd READY=1
INFO 2025/03/24 08:03:40 Watching changes on collection bdc.shop_orders
INFO 2025/03/24 08:03:40 Watching changes on collection bdc.products
INFO 2025/03/24 15:38:17 Successfully connected to Elasticsearch version 7.17.28
INFO 2025/03/24 15:38:17 Started monstache version 6.7.21
INFO 2025/03/24 15:38:17 Go version go1.22.10
INFO 2025/03/24 15:38:17 MongoDB go driver 1.17.2
INFO 2025/03/24 15:38:17 Elasticsearch go driver 7.0.31
INFO 2025/03/24 15:38:17 Successfully connected to MongoDB version 8.0.4
INFO 2025/03/24 15:38:17 Listening for events
INFO 2025/03/24 15:38:17 Sending systemd READY=1
INFO 2025/03/24 15:38:17 Watching changes on collection bdc.shop_orders
INFO 2025/03/24 15:38:17 Watching changes on collection bdc.products
INFO 2025/03/25 01:34:21 Successfully connected to Elasticsearch version 7.17.28
INFO 2025/03/25 01:34:21 Started monstache version 6.7.21
INFO 2025/03/25 01:34:21 Go version go1.22.10
INFO 2025/03/25 01:34:21 MongoDB go driver 1.17.2
INFO 2025/03/25 01:34:21 Elasticsearch go driver 7.0.31
INFO 2025/03/25 01:34:21 Successfully connected to MongoDB version 8.0.4
INFO 2025/03/25 01:34:21 Listening for events
INFO 2025/03/25 01:34:21 Sending systemd READY=1
INFO 2025/03/25 01:34:21 Watching changes on collection bdc.products
INFO 2025/03/25 01:34:21 Watching changes on collection bdc.shop_orders
INFO 2025/03/25 02:42:12 Successfully connected to Elasticsearch version 7.17.28
INFO 2025/03/25 02:42:12 Started monstache version 6.7.21
INFO 2025/03/25 02:42:12 Go version go1.22.10
INFO 2025/03/25 02:42:12 MongoDB go driver 1.17.2
INFO 2025/03/25 02:42:12 Elasticsearch go driver 7.0.31
INFO 2025/03/25 02:42:12 Successfully connected to MongoDB version 8.0.4
INFO 2025/03/25 02:42:12 Listening for events
INFO 2025/03/25 02:42:12 Sending systemd READY=1
INFO 2025/03/25 02:42:12 Watching changes on collection bdc.shop_orders
INFO 2025/03/25 02:42:12 Watching changes on collection bdc.products
INFO 2025/03/25 07:06:47 Successfully connected to Elasticsearch version 7.17.28
INFO 2025/03/25 07:06:47 Started monstache version 6.7.21
INFO 2025/03/25 07:06:47 Go version go1.22.10
INFO 2025/03/25 07:06:47 MongoDB go driver 1.17.2
INFO 2025/03/25 07:06:47 Elasticsearch go driver 7.0.31
INFO 2025/03/25 07:06:47 Successfully connected to MongoDB version 8.0.4
INFO 2025/03/25 07:06:47 Listening for events
INFO 2025/03/25 07:06:47 Sending systemd READY=1
INFO 2025/03/25 07:06:47 Watching changes on collection bdc.shop_orders
INFO 2025/03/25 07:06:47 Watching changes on collection bdc.products
INFO 2025/03/25 13:58:42 Successfully connected to Elasticsearch version 7.17.28
INFO 2025/03/25 13:58:42 Started monstache version 6.7.21
INFO 2025/03/25 13:58:42 Go version go1.22.10
INFO 2025/03/25 13:58:42 MongoDB go driver 1.17.2
INFO 2025/03/25 13:58:42 Elasticsearch go driver 7.0.31
INFO 2025/03/25 13:58:42 Successfully connected to MongoDB version 8.0.4
INFO 2025/03/25 13:58:42 Listening for events
INFO 2025/03/25 13:58:42 Sending systemd READY=1
INFO 2025/03/25 13:58:42 Watching changes on collection bdc.shop_orders
INFO 2025/03/25 13:58:42 Watching changes on collection bdc.products
INFO 2025/03/27 02:53:50 Successfully connected to Elasticsearch version 7.17.28
INFO 2025/03/27 02:53:50 Started monstache version 6.7.21
INFO 2025/03/27 02:53:50 Go version go1.22.10
INFO 2025/03/27 02:53:50 MongoDB go driver 1.17.2
INFO 2025/03/27 02:53:50 Elasticsearch go driver 7.0.31
INFO 2025/03/27 02:53:50 Successfully connected to MongoDB version 8.0.4
INFO 2025/03/27 02:53:50 Listening for events
INFO 2025/03/27 02:53:50 Sending systemd READY=1
INFO 2025/03/27 02:53:50 Watching changes on collection bdc.shop_orders
INFO 2025/03/27 02:53:50 Watching changes on collection bdc.products
INFO 2025/03/27 09:52:41 Successfully connected to Elasticsearch version 7.17.28
INFO 2025/03/27 09:52:41 Started monstache version 6.7.21
INFO 2025/03/27 09:52:41 Go version go1.22.10
INFO 2025/03/27 09:52:41 MongoDB go driver 1.17.2
INFO 2025/03/27 09:52:41 Elasticsearch go driver 7.0.31
INFO 2025/03/27 09:52:41 Successfully connected to MongoDB version 8.0.4
INFO 2025/03/27 09:52:41 Listening for events
INFO 2025/03/27 09:52:41 Watching changes on collection bdc.products
INFO 2025/03/27 09:52:41 Sending systemd READY=1
INFO 2025/03/27 09:52:41 Watching changes on collection bdc.shop_orders
INFO 2025/03/27 13:34:51 Successfully connected to Elasticsearch version 7.17.28
INFO 2025/03/27 13:34:51 Started monstache version 6.7.21
INFO 2025/03/27 13:34:51 Go version go1.22.10
INFO 2025/03/27 13:34:51 MongoDB go driver 1.17.2
INFO 2025/03/27 13:34:51 Elasticsearch go driver 7.0.31
INFO 2025/03/27 13:34:51 Successfully connected to MongoDB version 8.0.4
INFO 2025/03/27 13:34:51 Sending systemd READY=1
INFO 2025/03/27 13:34:51 Listening for events
INFO 2025/03/27 13:34:51 Watching changes on collection bdc.products
INFO 2025/03/27 13:34:51 Watching changes on collection bdc.shop_orders
INFO 2025/03/28 09:20:51 Successfully connected to Elasticsearch version 7.17.28
INFO 2025/03/28 09:20:51 Started monstache version 6.7.21
INFO 2025/03/28 09:20:51 Go version go1.22.10
INFO 2025/03/28 09:20:51 MongoDB go driver 1.17.2
INFO 2025/03/28 09:20:51 Elasticsearch go driver 7.0.31
INFO 2025/03/28 09:20:51 Successfully connected to MongoDB version 8.0.4
INFO 2025/03/28 09:20:51 Sending systemd READY=1
INFO 2025/03/28 09:20:51 Listening for events
INFO 2025/03/28 09:20:51 Watching changes on collection bdc.products
INFO 2025/03/28 09:20:51 Watching changes on collection bdc.shop_orders
INFO 2025/03/28 16:59:28 Successfully connected to Elasticsearch version 7.17.28
INFO 2025/03/28 16:59:28 Started monstache version 6.7.21
INFO 2025/03/28 16:59:28 Go version go1.22.10
INFO 2025/03/28 16:59:28 MongoDB go driver 1.17.2
INFO 2025/03/28 16:59:28 Elasticsearch go driver 7.0.31
INFO 2025/03/28 16:59:28 Successfully connected to MongoDB version 8.0.4
INFO 2025/03/28 16:59:28 Listening for events
INFO 2025/03/28 16:59:28 Sending systemd READY=1
INFO 2025/03/28 16:59:28 Watching changes on collection bdc.shop_orders
INFO 2025/03/28 16:59:28 Watching changes on collection bdc.products
INFO 2025/03/29 02:57:22 Successfully connected to Elasticsearch version 7.17.28
INFO 2025/03/29 02:57:22 Started monstache version 6.7.21
INFO 2025/03/29 02:57:22 Go version go1.22.10
INFO 2025/03/29 02:57:22 MongoDB go driver 1.17.2
INFO 2025/03/29 02:57:22 Elasticsearch go driver 7.0.31
INFO 2025/03/29 02:57:22 Successfully connected to MongoDB version 8.0.4
INFO 2025/03/29 02:57:22 Listening for events
INFO 2025/03/29 02:57:22 Sending systemd READY=1
INFO 2025/03/29 02:57:22 Watching changes on collection bdc.products
INFO 2025/03/29 02:57:22 Watching changes on collection bdc.shop_orders
INFO 2025/03/29 08:11:56 Successfully connected to Elasticsearch version 7.17.28
INFO 2025/03/29 08:11:56 Started monstache version 6.7.21
INFO 2025/03/29 08:11:56 Go version go1.22.10
INFO 2025/03/29 08:11:56 MongoDB go driver 1.17.2
INFO 2025/03/29 08:11:56 Elasticsearch go driver 7.0.31
INFO 2025/03/29 08:11:56 Successfully connected to MongoDB version 8.0.4
INFO 2025/03/29 08:11:56 Sending systemd READY=1
INFO 2025/03/29 08:11:56 Listening for events
INFO 2025/03/29 08:11:56 Watching changes on collection bdc.products
INFO 2025/03/29 08:11:56 Watching changes on collection bdc.shop_orders
INFO 2025/03/29 08:14:27 Starting clean shutdown
INFO 2025/03/29 08:14:27 Stopping all workers
INFO 2025/03/29 08:14:27 Shutting down
INFO 2025/03/29 08:14:27 Direct reads completed
INFO 2025/03/29 08:15:36 Successfully connected to Elasticsearch version 7.17.28
INFO 2025/03/29 08:15:36 Started monstache version 6.7.21
INFO 2025/03/29 08:15:36 Go version go1.22.10
INFO 2025/03/29 08:15:36 MongoDB go driver 1.17.2
INFO 2025/03/29 08:15:36 Elasticsearch go driver 7.0.31
INFO 2025/03/29 08:15:36 Successfully connected to MongoDB version 8.0.4
INFO 2025/03/29 08:15:36 Listening for events
INFO 2025/03/29 08:15:36 Sending systemd READY=1
INFO 2025/03/29 08:15:36 Watching changes on collection bdc.products
INFO 2025/03/29 08:15:36 Watching changes on collection bdc.shop_orders
INFO 2025/03/29 08:17:30 Starting clean shutdown
INFO 2025/03/29 08:17:30 Stopping all workers
INFO 2025/03/29 08:17:30 Shutting down
INFO 2025/03/29 08:17:30 Direct reads completed
INFO 2025/03/29 08:20:09 Successfully connected to Elasticsearch version 7.17.28
INFO 2025/03/29 08:20:09 Started monstache version 6.7.21
INFO 2025/03/29 08:20:09 Go version go1.22.10
INFO 2025/03/29 08:20:09 MongoDB go driver 1.17.2
INFO 2025/03/29 08:20:09 Elasticsearch go driver 7.0.31
INFO 2025/03/29 08:20:09 Successfully connected to MongoDB version 8.0.4
INFO 2025/03/29 08:20:09 Sending systemd READY=1
INFO 2025/03/29 08:20:09 Listening for events
INFO 2025/03/29 08:20:09 Watching changes on collection bdc.shop_orders
INFO 2025/03/29 08:20:09 Watching changes on collection bdc.products
INFO 2025/03/29 08:24:59 Starting clean shutdown
INFO 2025/03/29 08:24:59 Stopping all workers
INFO 2025/03/29 08:24:59 Shutting down
INFO 2025/03/29 08:24:59 Direct reads completed
INFO 2025/03/29 08:25:56 Successfully connected to Elasticsearch version 7.17.28
INFO 2025/03/29 08:25:56 Started monstache version 6.7.21
INFO 2025/03/29 08:25:56 Go version go1.22.10
INFO 2025/03/29 08:25:56 MongoDB go driver 1.17.2
INFO 2025/03/29 08:25:56 Elasticsearch go driver 7.0.31
INFO 2025/03/29 08:25:56 Successfully connected to MongoDB version 8.0.4
INFO 2025/03/29 08:25:56 Listening for events
INFO 2025/03/29 08:25:56 Watching changes on collection bdc.shop_orders
INFO 2025/03/29 08:25:56 Watching changes on collection bdc.products
INFO 2025/03/29 08:25:56 Sending systemd READY=1
INFO 2025/03/29 09:00:43 Starting clean shutdown
INFO 2025/03/29 09:00:43 Stopping all workers
INFO 2025/03/29 09:00:43 Shutting down
INFO 2025/03/29 09:00:43 Direct reads completed
INFO 2025/03/29 09:16:20 Successfully connected to Elasticsearch version 7.17.28
INFO 2025/03/29 09:16:20 Started monstache version 6.7.21
INFO 2025/03/29 09:16:20 Go version go1.22.10
INFO 2025/03/29 09:16:20 MongoDB go driver 1.17.2
INFO 2025/03/29 09:16:20 Elasticsearch go driver 7.0.31
INFO 2025/03/29 09:16:20 Successfully connected to MongoDB version 8.0.4
INFO 2025/03/29 09:16:20 Listening for events
INFO 2025/03/29 09:16:20 Sending systemd READY=1
INFO 2025/03/29 09:16:20 Watching changes on collection bdc.shop_orders
INFO 2025/03/29 09:16:20 Watching changes on collection bdc.products
INFO 2025/03/29 09:22:49 Starting clean shutdown
INFO 2025/03/29 09:22:49 Stopping all workers
INFO 2025/03/29 09:22:49 Shutting down
INFO 2025/03/29 09:22:49 Direct reads completed
INFO 2025/03/29 10:26:08 Successfully connected to Elasticsearch version 7.17.28
INFO 2025/03/29 10:26:08 Started monstache version 6.7.21
INFO 2025/03/29 10:26:08 Go version go1.22.10
INFO 2025/03/29 10:26:08 MongoDB go driver 1.17.2
INFO 2025/03/29 10:26:08 Elasticsearch go driver 7.0.31
INFO 2025/03/29 10:26:08 Successfully connected to MongoDB version 8.0.4
INFO 2025/03/29 10:26:08 Sending systemd READY=1
INFO 2025/03/29 10:26:08 Listening for events
INFO 2025/03/29 10:26:08 Watching changes on collection bdc.shop_orders
INFO 2025/03/29 10:26:08 Watching changes on collection bdc.products
INFO 2025/03/29 10:28:33 Starting clean shutdown
INFO 2025/03/29 10:28:33 Stopping all workers
INFO 2025/03/29 10:28:33 Shutting down
INFO 2025/03/29 10:28:33 Direct reads completed
INFO 2025/03/29 10:38:28 Successfully connected to Elasticsearch version 7.17.28
INFO 2025/03/29 10:38:28 Started monstache version 6.7.21
INFO 2025/03/29 10:38:28 Go version go1.22.10
INFO 2025/03/29 10:38:28 MongoDB go driver 1.17.2
INFO 2025/03/29 10:38:28 Elasticsearch go driver 7.0.31
INFO 2025/03/29 10:38:28 Successfully connected to MongoDB version 8.0.4
INFO 2025/03/29 10:38:28 Listening for events
INFO 2025/03/29 10:38:28 Sending systemd READY=1
INFO 2025/03/29 10:38:28 Watching changes on collection bdc.shop_orders
INFO 2025/03/29 10:38:28 Watching changes on collection bdc.products
INFO 2025/03/29 10:38:54 Starting clean shutdown
INFO 2025/03/29 10:38:54 Stopping all workers
INFO 2025/03/29 10:38:54 Shutting down
INFO 2025/03/29 10:38:54 Direct reads completed
INFO 2025/03/29 10:39:29 Successfully connected to Elasticsearch version 7.17.28
INFO 2025/03/29 10:39:29 Started monstache version 6.7.21
INFO 2025/03/29 10:39:29 Go version go1.22.10
INFO 2025/03/29 10:39:29 MongoDB go driver 1.17.2
INFO 2025/03/29 10:39:29 Elasticsearch go driver 7.0.31
INFO 2025/03/29 10:39:29 Successfully connected to MongoDB version 8.0.4
INFO 2025/03/29 10:39:29 Listening for events
INFO 2025/03/29 10:39:29 Sending systemd READY=1
INFO 2025/03/29 10:39:29 Watching changes on collection bdc.products
INFO 2025/03/29 10:39:29 Watching changes on collection bdc.shop_orders
INFO 2025/03/29 10:40:02 Starting clean shutdown
INFO 2025/03/29 10:40:02 Stopping all workers
INFO 2025/03/29 10:40:03 Shutting down
INFO 2025/03/29 10:40:03 Direct reads completed
INFO 2025/03/29 10:40:47 Successfully connected to Elasticsearch version 7.17.28
INFO 2025/03/29 10:40:47 Started monstache version 6.7.21
INFO 2025/03/29 10:40:47 Go version go1.22.10
INFO 2025/03/29 10:40:47 MongoDB go driver 1.17.2
INFO 2025/03/29 10:40:47 Elasticsearch go driver 7.0.31
INFO 2025/03/29 10:40:47 Successfully connected to MongoDB version 8.0.4
INFO 2025/03/29 10:40:47 Listening for events
INFO 2025/03/29 10:40:47 Sending systemd READY=1
INFO 2025/03/29 10:40:47 Watching changes on collection bdc.shop_orders
INFO 2025/03/29 10:40:47 Watching changes on collection bdc.products
INFO 2025/03/29 10:44:02 Starting clean shutdown
INFO 2025/03/29 10:44:02 Stopping all workers
INFO 2025/03/29 10:44:02 Shutting down
INFO 2025/03/29 10:44:02 Direct reads completed
INFO 2025/03/29 10:44:40 Successfully connected to Elasticsearch version 7.17.28
INFO 2025/03/29 10:44:40 Started monstache version 6.7.21
INFO 2025/03/29 10:44:40 Go version go1.22.10
INFO 2025/03/29 10:44:40 MongoDB go driver 1.17.2
INFO 2025/03/29 10:44:40 Elasticsearch go driver 7.0.31
INFO 2025/03/29 10:44:40 Successfully connected to MongoDB version 8.0.4
INFO 2025/03/29 10:44:40 Listening for events
INFO 2025/03/29 10:44:40 Sending systemd READY=1
INFO 2025/03/29 10:44:40 Watching changes on collection bdc.shop_orders
INFO 2025/03/29 10:44:40 Watching changes on collection bdc.products
INFO 2025/03/29 10:46:52 Starting clean shutdown
INFO 2025/03/29 10:46:52 Stopping all workers
INFO 2025/03/29 10:46:52 Shutting down
INFO 2025/03/29 10:46:52 Direct reads completed
INFO 2025/03/29 10:47:23 Successfully connected to Elasticsearch version 7.17.28
INFO 2025/03/29 10:47:23 Started monstache version 6.7.21
INFO 2025/03/29 10:47:23 Go version go1.22.10
INFO 2025/03/29 10:47:23 MongoDB go driver 1.17.2
INFO 2025/03/29 10:47:23 Elasticsearch go driver 7.0.31
INFO 2025/03/29 10:47:23 Successfully connected to MongoDB version 8.0.4
INFO 2025/03/29 10:47:23 Listening for events
INFO 2025/03/29 10:47:23 Sending systemd READY=1
INFO 2025/03/29 10:47:23 Watching changes on collection bdc.shop_orders
INFO 2025/03/29 10:47:23 Watching changes on collection bdc.products
INFO 2025/03/29 10:52:20 Starting clean shutdown
INFO 2025/03/29 10:52:20 Stopping all workers
INFO 2025/03/29 10:52:20 Shutting down
INFO 2025/03/29 10:52:20 Direct reads completed
INFO 2025/03/29 10:54:15 Successfully connected to Elasticsearch version 7.17.28
INFO 2025/03/29 10:54:15 Started monstache version 6.7.21
INFO 2025/03/29 10:54:15 Go version go1.22.10
INFO 2025/03/29 10:54:15 MongoDB go driver 1.17.2
INFO 2025/03/29 10:54:15 Elasticsearch go driver 7.0.31
INFO 2025/03/29 10:54:15 Successfully connected to MongoDB version 8.0.4
INFO 2025/03/29 10:54:15 Sending systemd READY=1
INFO 2025/03/29 10:54:15 Listening for events
INFO 2025/03/29 10:54:15 Watching changes on collection bdc.products
INFO 2025/03/29 10:54:15 Watching changes on collection bdc.shop_orders
INFO 2025/03/29 10:58:35 Starting clean shutdown
INFO 2025/03/29 10:58:35 Stopping all workers
INFO 2025/03/29 10:58:35 Shutting down
INFO 2025/03/29 10:58:35 Direct reads completed
INFO 2025/03/29 13:54:33 Successfully connected to Elasticsearch version 7.17.28
INFO 2025/03/29 13:54:33 Started monstache version 6.7.21
INFO 2025/03/29 13:54:33 Go version go1.22.10
INFO 2025/03/29 13:54:33 MongoDB go driver 1.17.2
INFO 2025/03/29 13:54:33 Elasticsearch go driver 7.0.31
INFO 2025/03/29 13:54:33 Successfully connected to MongoDB version 8.0.4
INFO 2025/03/29 13:54:33 Listening for events
INFO 2025/03/29 13:54:33 Sending systemd READY=1
INFO 2025/03/29 13:54:33 Watching changes on collection bdc.products
INFO 2025/03/29 13:54:33 Watching changes on collection bdc.shop_orders
INFO 2025/03/29 14:01:50 Starting clean shutdown
INFO 2025/03/29 14:01:50 Stopping all workers
INFO 2025/03/29 14:01:50 Shutting down
INFO 2025/03/29 14:01:50 Direct reads completed
INFO 2025/03/29 14:03:24 Successfully connected to Elasticsearch version 7.17.28
INFO 2025/03/29 14:03:24 Started monstache version 6.7.21
INFO 2025/03/29 14:03:24 Go version go1.22.10
INFO 2025/03/29 14:03:24 MongoDB go driver 1.17.2
INFO 2025/03/29 14:03:24 Elasticsearch go driver 7.0.31
INFO 2025/03/29 14:03:24 Successfully connected to MongoDB version 8.0.4
INFO 2025/03/29 14:03:24 Listening for events
INFO 2025/03/29 14:03:24 Sending systemd READY=1
INFO 2025/03/29 14:03:24 Watching changes on collection bdc.products
INFO 2025/03/29 14:03:24 Watching changes on collection bdc.shop_orders
INFO 2025/03/29 15:46:52 Starting clean shutdown
INFO 2025/03/29 15:46:52 Stopping all workers
INFO 2025/03/29 15:46:52 Shutting down
INFO 2025/03/29 15:46:52 Direct reads completed
INFO 2025/03/29 16:19:40 Successfully connected to Elasticsearch version 7.17.28
INFO 2025/03/29 16:19:40 Started monstache version 6.7.21
INFO 2025/03/29 16:19:40 Go version go1.22.10
INFO 2025/03/29 16:19:40 MongoDB go driver 1.17.2
INFO 2025/03/29 16:19:40 Elasticsearch go driver 7.0.31
INFO 2025/03/29 16:19:40 Successfully connected to MongoDB version 8.0.4
INFO 2025/03/29 16:19:40 Sending systemd READY=1
INFO 2025/03/29 16:19:40 Listening for events
INFO 2025/03/29 16:19:40 Watching changes on collection bdc.products
INFO 2025/03/29 16:19:40 Watching changes on collection bdc.shop_orders
INFO 2025/03/29 16:20:48 Starting clean shutdown
INFO 2025/03/29 16:20:48 Stopping all workers
INFO 2025/03/29 16:20:48 Shutting down
INFO 2025/03/29 16:20:48 Direct reads completed
